{"ts":"2026-04-02T12:51:40+02:00","event":"search_solutions.start","context":{"from_ref_raw":"place|444","to_ref_raw":"place|419","travel_date_it":"03/04/2026","adults":1,"children":0,"max_transfers":2,"codice_camb":""}}
{"ts":"2026-04-02T12:51:40+02:00","event":"search_solutions.seed_candidates","context":{"from_ref_raw":"place|444","to_ref_raw":"place|419","from_seed_count":1,"to_seed_count":2,"from_provider_codes":["leonetti"],"to_provider_codes":["leonetti","curcio"]}}
{"ts":"2026-04-02T12:51:40+02:00","event":"search_solutions.cache_bypass","context":{"from_ref_raw":"place|444","to_ref_raw":"place|419","travel_date_it":"03/04/2026","reason":"pfnocache=1"}}
{"ts":"2026-04-02T12:51:40+02:00","event":"provider_search_route.start","context":{"provider_code":"leonetti","provider_version":"1774338333","travel_date_it":"03/04/2026","adults":1,"children":0,"from_stop_id":"24","to_stop_id":"25","codice_camb":""}}
{"ts":"2026-04-02T12:51:42+02:00","event":"provider_search_route.ok","context":{"provider_code":"leonetti","provider_version":"1774338333","travel_date_it":"03/04/2026","adults":1,"children":0,"from_stop_id":"24","to_stop_id":"25","codice_camb":"","search_url":"https://www.ttileonettibus.it/rest/cercaviaggio/api2.php?rquest=search&part=24&arr=25&dt1=03%2F04%2F2026&ad=1&bam=0&codice_camb=&cmb=","solutions_count":6}}
{"ts":"2026-04-02T12:51:42+02:00","event":"provider_search_route.start","context":{"provider_code":"leonetti","provider_version":"1774338333","travel_date_it":"03/04/2026","adults":1,"children":0,"from_stop_id":"24","to_stop_id":"25","codice_camb":""}}
{"ts":"2026-04-02T12:51:42+02:00","event":"provider_search_route.memory_hit","context":{"provider_code":"leonetti","provider_version":"1774338333","travel_date_it":"03/04/2026","adults":1,"children":0,"from_stop_id":"24","to_stop_id":"25","codice_camb":"","cache_key":"37ba6468f6786fdf77926e36aae9ce665633deefa06a4005ff77305bb805f100"}}
{"ts":"2026-04-02T12:51:42+02:00","event":"provider_search_route.start","context":{"provider_code":"leonetti","provider_version":"1774338333","travel_date_it":"03/04/2026","adults":1,"children":0,"from_stop_id":"24","to_stop_id":"25","codice_camb":""}}
{"ts":"2026-04-02T12:51:42+02:00","event":"provider_search_route.memory_hit","context":{"provider_code":"leonetti","provider_version":"1774338333","travel_date_it":"03/04/2026","adults":1,"children":0,"from_stop_id":"24","to_stop_id":"25","codice_camb":"","cache_key":"37ba6468f6786fdf77926e36aae9ce665633deefa06a4005ff77305bb805f100"}}
{"ts":"2026-04-02T12:51:42+02:00","event":"provider_search_route.start","context":{"provider_code":"leonetti","provider_version":"1774338333","travel_date_it":"03/04/2026","adults":1,"children":0,"from_stop_id":"24","to_stop_id":"25","codice_camb":""}}
{"ts":"2026-04-02T12:51:42+02:00","event":"provider_search_route.memory_hit","context":{"provider_code":"leonetti","provider_version":"1774338333","travel_date_it":"03/04/2026","adults":1,"children":0,"from_stop_id":"24","to_stop_id":"25","codice_camb":"","cache_key":"37ba6468f6786fdf77926e36aae9ce665633deefa06a4005ff77305bb805f100"}}
{"ts":"2026-04-02T12:51:42+02:00","event":"provider_search_route.start","context":{"provider_code":"leonetti","provider_version":"1774338333","travel_date_it":"03/04/2026","adults":1,"children":0,"from_stop_id":"24","to_stop_id":"25","codice_camb":""}}
{"ts":"2026-04-02T12:51:42+02:00","event":"provider_search_route.memory_hit","context":{"provider_code":"leonetti","provider_version":"1774338333","travel_date_it":"03/04/2026","adults":1,"children":0,"from_stop_id":"24","to_stop_id":"25","codice_camb":"","cache_key":"37ba6468f6786fdf77926e36aae9ce665633deefa06a4005ff77305bb805f100"}}
{"ts":"2026-04-02T12:51:42+02:00","event":"provider_search_route.start","context":{"provider_code":"leonetti","provider_version":"1774338333","travel_date_it":"03/04/2026","adults":1,"children":0,"from_stop_id":"24","to_stop_id":"25","codice_camb":""}}
{"ts":"2026-04-02T12:51:42+02:00","event":"provider_search_route.memory_hit","context":{"provider_code":"leonetti","provider_version":"1774338333","travel_date_it":"03/04/2026","adults":1,"children":0,"from_stop_id":"24","to_stop_id":"25","codice_camb":"","cache_key":"37ba6468f6786fdf77926e36aae9ce665633deefa06a4005ff77305bb805f100"}}
{"ts":"2026-04-02T12:51:42+02:00","event":"provider_search_route.start","context":{"provider_code":"leonetti","provider_version":"1774338333","travel_date_it":"03/04/2026","adults":1,"children":0,"from_stop_id":"24","to_stop_id":"25","codice_camb":""}}
{"ts":"2026-04-02T12:51:42+02:00","event":"provider_search_route.memory_hit","context":{"provider_code":"leonetti","provider_version":"1774338333","travel_date_it":"03/04/2026","adults":1,"children":0,"from_stop_id":"24","to_stop_id":"25","codice_camb":"","cache_key":"37ba6468f6786fdf77926e36aae9ce665633deefa06a4005ff77305bb805f100"}}
{"ts":"2026-04-02T12:51:42+02:00","event":"provider_search_route.start","context":{"provider_code":"leonetti","provider_version":"1774338333","travel_date_it":"03/04/2026","adults":1,"children":0,"from_stop_id":"24","to_stop_id":"25","codice_camb":""}}
{"ts":"2026-04-02T12:51:42+02:00","event":"provider_search_route.memory_hit","context":{"provider_code":"leonetti","provider_version":"1774338333","travel_date_it":"03/04/2026","adults":1,"children":0,"from_stop_id":"24","to_stop_id":"25","codice_camb":"","cache_key":"37ba6468f6786fdf77926e36aae9ce665633deefa06a4005ff77305bb805f100"}}
{"ts":"2026-04-02T12:51:42+02:00","event":"provider_search_route.start","context":{"provider_code":"leonetti","provider_version":"1774338333","travel_date_it":"03/04/2026","adults":1,"children":0,"from_stop_id":"24","to_stop_id":"25","codice_camb":""}}
{"ts":"2026-04-02T12:51:42+02:00","event":"provider_search_route.memory_hit","context":{"provider_code":"leonetti","provider_version":"1774338333","travel_date_it":"03/04/2026","adults":1,"children":0,"from_stop_id":"24","to_stop_id":"25","codice_camb":"","cache_key":"37ba6468f6786fdf77926e36aae9ce665633deefa06a4005ff77305bb805f100"}}
{"ts":"2026-04-02T12:51:42+02:00","event":"provider_search_route.start","context":{"provider_code":"leonetti","provider_version":"1774338333","travel_date_it":"03/04/2026","adults":1,"children":0,"from_stop_id":"24","to_stop_id":"25","codice_camb":""}}
{"ts":"2026-04-02T12:51:42+02:00","event":"provider_search_route.memory_hit","context":{"provider_code":"leonetti","provider_version":"1774338333","travel_date_it":"03/04/2026","adults":1,"children":0,"from_stop_id":"24","to_stop_id":"25","codice_camb":"","cache_key":"37ba6468f6786fdf77926e36aae9ce665633deefa06a4005ff77305bb805f100"}}
{"ts":"2026-04-02T12:51:42+02:00","event":"provider_search_route.start","context":{"provider_code":"leonetti","provider_version":"1774338333","travel_date_it":"03/04/2026","adults":1,"children":0,"from_stop_id":"24","to_stop_id":"25","codice_camb":""}}
{"ts":"2026-04-02T12:51:42+02:00","event":"provider_search_route.memory_hit","context":{"provider_code":"leonetti","provider_version":"1774338333","travel_date_it":"03/04/2026","adults":1,"children":0,"from_stop_id":"24","to_stop_id":"25","codice_camb":"","cache_key":"37ba6468f6786fdf77926e36aae9ce665633deefa06a4005ff77305bb805f100"}}
{"ts":"2026-04-02T12:51:42+02:00","event":"provider_search_route.start","context":{"provider_code":"leonetti","provider_version":"1774338333","travel_date_it":"03/04/2026","adults":1,"children":0,"from_stop_id":"24","to_stop_id":"25","codice_camb":""}}
{"ts":"2026-04-02T12:51:42+02:00","event":"provider_search_route.memory_hit","context":{"provider_code":"leonetti","provider_version":"1774338333","travel_date_it":"03/04/2026","adults":1,"children":0,"from_stop_id":"24","to_stop_id":"25","codice_camb":"","cache_key":"37ba6468f6786fdf77926e36aae9ce665633deefa06a4005ff77305bb805f100"}}
{"ts":"2026-04-02T12:51:42+02:00","event":"provider_search_route.start","context":{"provider_code":"leonetti","provider_version":"1774338333","travel_date_it":"03/04/2026","adults":1,"children":0,"from_stop_id":"24","to_stop_id":"26","codice_camb":""}}
{"ts":"2026-04-02T12:51:43+02:00","event":"provider_search_route.ok","context":{"provider_code":"leonetti","provider_version":"1774338333","travel_date_it":"03/04/2026","adults":1,"children":0,"from_stop_id":"24","to_stop_id":"26","codice_camb":"","search_url":"https://www.ttileonettibus.it/rest/cercaviaggio/api2.php?rquest=search&part=24&arr=26&dt1=03%2F04%2F2026&ad=1&bam=0&codice_camb=&cmb=","solutions_count":0}}
{"ts":"2026-04-02T12:51:43+02:00","event":"provider_search_route.start","context":{"provider_code":"leonetti","provider_version":"1774338333","travel_date_it":"03/04/2026","adults":1,"children":0,"from_stop_id":"24","to_stop_id":"26","codice_camb":""}}
{"ts":"2026-04-02T12:51:43+02:00","event":"provider_search_route.memory_hit","context":{"provider_code":"leonetti","provider_version":"1774338333","travel_date_it":"03/04/2026","adults":1,"children":0,"from_stop_id":"24","to_stop_id":"26","codice_camb":"","cache_key":"2bede0fb6597275315cd31e1d15a84c4fa1b2646bdaa206b13d02bf6418b45f2"}}
{"ts":"2026-04-02T12:51:43+02:00","event":"provider_search_route.start","context":{"provider_code":"leonetti","provider_version":"1774338333","travel_date_it":"03/04/2026","adults":1,"children":0,"from_stop_id":"24","to_stop_id":"26","codice_camb":""}}
{"ts":"2026-04-02T12:51:43+02:00","event":"provider_search_route.memory_hit","context":{"provider_code":"leonetti","provider_version":"1774338333","travel_date_it":"03/04/2026","adults":1,"children":0,"from_stop_id":"24","to_stop_id":"26","codice_camb":"","cache_key":"2bede0fb6597275315cd31e1d15a84c4fa1b2646bdaa206b13d02bf6418b45f2"}}
{"ts":"2026-04-02T12:51:43+02:00","event":"provider_search_route.start","context":{"provider_code":"leonetti","provider_version":"1774338333","travel_date_it":"03/04/2026","adults":1,"children":0,"from_stop_id":"24","to_stop_id":"26","codice_camb":""}}
{"ts":"2026-04-02T12:51:43+02:00","event":"provider_search_route.memory_hit","context":{"provider_code":"leonetti","provider_version":"1774338333","travel_date_it":"03/04/2026","adults":1,"children":0,"from_stop_id":"24","to_stop_id":"26","codice_camb":"","cache_key":"2bede0fb6597275315cd31e1d15a84c4fa1b2646bdaa206b13d02bf6418b45f2"}}
{"ts":"2026-04-02T12:51:43+02:00","event":"search_solutions.done","context":{"from_ref_raw":"place|444","to_ref_raw":"place|419","travel_date_it":"03/04/2026","solutions_count":6,"max_transfers":2}}
